<?xml version="1.0" encoding="UTF-8"?>
<testsuite xmlns:xsi="http://www.w3.org/2001/XMLSchema-instance" xsi:noNamespaceSchemaLocation="https://maven.apache.org/surefire/maven-surefire-plugin/xsd/surefire-test-report.xsd" name="LocalBrokerServiceTest" time="0.533" tests="3" errors="0" skipped="0" failures="0">
  <properties>
    <property name="java.specification.version" value="17"/>
    <property name="sun.cpu.isalist" value="amd64"/>
    <property name="sun.jnu.encoding" value="Cp1252"/>
    <property name="java.class.path" value="C:\Users\ritzm\OneDrive\Documents\Ritika Mehta\DistributedSystems\Practical 02\quoco‐rmi\broker\target\test-classes;C:\Users\ritzm\OneDrive\Documents\Ritika Mehta\DistributedSystems\Practical 02\quoco‐rmi\broker\target\classes;C:\Users\ritzm\OneDrive\Documents\Ritika Mehta\DistributedSystems\Practical 02\quoco‐rmi\core\target\core-0.0.1.jar;C:\Users\ritzm\OneDrive\Documents\Ritika Mehta\DistributedSystems\Practical 02\quoco‐rmi\auldfellas\target\auldfellas-0.0.1.jar;C:\Users\ritzm\OneDrive\Documents\Ritika Mehta\DistributedSystems\Practical 02\quoco‐rmi\girlpower\target\girlpower-0.0.1.jar;C:\Users\ritzm\.m2\repository\junit\junit\4.12\junit-4.12.jar;C:\Users\ritzm\.m2\repository\org\hamcrest\hamcrest-core\1.3\hamcrest-core-1.3.jar;C:\Users\ritzm\.m2\repository\org\junit\jupiter\junit-jupiter-engine\5.3.1\junit-jupiter-engine-5.3.1.jar;C:\Users\ritzm\.m2\repository\org\apiguardian\apiguardian-api\1.0.0\apiguardian-api-1.0.0.jar;C:\Users\ritzm\.m2\repository\org\junit\platform\junit-platform-engine\1.3.1\junit-platform-engine-1.3.1.jar;C:\Users\ritzm\.m2\repository\org\junit\platform\junit-platform-commons\1.3.1\junit-platform-commons-1.3.1.jar;C:\Users\ritzm\.m2\repository\org\opentest4j\opentest4j\1.1.1\opentest4j-1.1.1.jar;C:\Users\ritzm\.m2\repository\org\junit\jupiter\junit-jupiter-api\5.3.1\junit-jupiter-api-5.3.1.jar;C:\Users\ritzm\.m2\repository\org\mockito\mockito-core\2.21.0\mockito-core-2.21.0.jar;C:\Users\ritzm\.m2\repository\net\bytebuddy\byte-buddy\1.8.15\byte-buddy-1.8.15.jar;C:\Users\ritzm\.m2\repository\net\bytebuddy\byte-buddy-agent\1.8.15\byte-buddy-agent-1.8.15.jar;C:\Users\ritzm\.m2\repository\org\objenesis\objenesis\2.6\objenesis-2.6.jar;C:\Users\ritzm\.m2\repository\org\junit\platform\junit-platform-runner\1.2.0\junit-platform-runner-1.2.0.jar;C:\Users\ritzm\.m2\repository\org\junit\platform\junit-platform-launcher\1.2.0\junit-platform-launcher-1.2.0.jar;C:\Users\ritzm\.m2\repository\org\junit\platform\junit-platform-suite-api\1.2.0\junit-platform-suite-api-1.2.0.jar;C:\Users\ritzm\.m2\repository\org\junit\vintage\junit-vintage-engine\5.2.0\junit-vintage-engine-5.2.0.jar;C:\Users\ritzm\.m2\repository\org\mockito\mockito-junit-jupiter\2.23.0\mockito-junit-jupiter-2.23.0.jar;"/>
    <property name="java.vm.vendor" value="Oracle Corporation"/>
    <property name="sun.arch.data.model" value="64"/>
    <property name="user.variant" value=""/>
    <property name="java.vendor.url" value="https://java.oracle.com/"/>
    <property name="user.timezone" value="Europe/London"/>
    <property name="os.name" value="Windows 10"/>
    <property name="java.vm.specification.version" value="17"/>
    <property name="sun.java.launcher" value="SUN_STANDARD"/>
    <property name="user.country" value="IN"/>
    <property name="sun.boot.library.path" value="C:\Program Files\Java\jdk-17\bin"/>
    <property name="sun.java.command" value="C:\Users\ritzm\AppData\Local\Temp\surefire15949638021783627235\surefirebooter4418697699685292813.jar C:\Users\ritzm\AppData\Local\Temp\surefire15949638021783627235 2021-10-01T16-24-07_243-jvmRun1 surefire6137123406251018702tmp surefire_217532378042499185505tmp"/>
    <property name="jdk.debug" value="release"/>
    <property name="surefire.test.class.path" value="C:\Users\ritzm\OneDrive\Documents\Ritika Mehta\DistributedSystems\Practical 02\quoco‐rmi\broker\target\test-classes;C:\Users\ritzm\OneDrive\Documents\Ritika Mehta\DistributedSystems\Practical 02\quoco‐rmi\broker\target\classes;C:\Users\ritzm\OneDrive\Documents\Ritika Mehta\DistributedSystems\Practical 02\quoco‐rmi\core\target\core-0.0.1.jar;C:\Users\ritzm\OneDrive\Documents\Ritika Mehta\DistributedSystems\Practical 02\quoco‐rmi\auldfellas\target\auldfellas-0.0.1.jar;C:\Users\ritzm\OneDrive\Documents\Ritika Mehta\DistributedSystems\Practical 02\quoco‐rmi\girlpower\target\girlpower-0.0.1.jar;C:\Users\ritzm\.m2\repository\junit\junit\4.12\junit-4.12.jar;C:\Users\ritzm\.m2\repository\org\hamcrest\hamcrest-core\1.3\hamcrest-core-1.3.jar;C:\Users\ritzm\.m2\repository\org\junit\jupiter\junit-jupiter-engine\5.3.1\junit-jupiter-engine-5.3.1.jar;C:\Users\ritzm\.m2\repository\org\apiguardian\apiguardian-api\1.0.0\apiguardian-api-1.0.0.jar;C:\Users\ritzm\.m2\repository\org\junit\platform\junit-platform-engine\1.3.1\junit-platform-engine-1.3.1.jar;C:\Users\ritzm\.m2\repository\org\junit\platform\junit-platform-commons\1.3.1\junit-platform-commons-1.3.1.jar;C:\Users\ritzm\.m2\repository\org\opentest4j\opentest4j\1.1.1\opentest4j-1.1.1.jar;C:\Users\ritzm\.m2\repository\org\junit\jupiter\junit-jupiter-api\5.3.1\junit-jupiter-api-5.3.1.jar;C:\Users\ritzm\.m2\repository\org\mockito\mockito-core\2.21.0\mockito-core-2.21.0.jar;C:\Users\ritzm\.m2\repository\net\bytebuddy\byte-buddy\1.8.15\byte-buddy-1.8.15.jar;C:\Users\ritzm\.m2\repository\net\bytebuddy\byte-buddy-agent\1.8.15\byte-buddy-agent-1.8.15.jar;C:\Users\ritzm\.m2\repository\org\objenesis\objenesis\2.6\objenesis-2.6.jar;C:\Users\ritzm\.m2\repository\org\junit\platform\junit-platform-runner\1.2.0\junit-platform-runner-1.2.0.jar;C:\Users\ritzm\.m2\repository\org\junit\platform\junit-platform-launcher\1.2.0\junit-platform-launcher-1.2.0.jar;C:\Users\ritzm\.m2\repository\org\junit\platform\junit-platform-suite-api\1.2.0\junit-platform-suite-api-1.2.0.jar;C:\Users\ritzm\.m2\repository\org\junit\vintage\junit-vintage-engine\5.2.0\junit-vintage-engine-5.2.0.jar;C:\Users\ritzm\.m2\repository\org\mockito\mockito-junit-jupiter\2.23.0\mockito-junit-jupiter-2.23.0.jar;"/>
    <property name="sun.cpu.endian" value="little"/>
    <property name="user.home" value="C:\Users\ritzm"/>
    <property name="user.language" value="en"/>
    <property name="java.specification.vendor" value="Oracle Corporation"/>
    <property name="java.version.date" value="2021-09-14"/>
    <property name="java.home" value="C:\Program Files\Java\jdk-17"/>
    <property name="file.separator" value="\"/>
    <property name="basedir" value="C:\Users\ritzm\OneDrive\Documents\Ritika Mehta\DistributedSystems\Practical 02\quoco‐rmi\broker"/>
    <property name="java.vm.compressedOopsMode" value="Zero based"/>
    <property name="line.separator" value="&#10;"/>
    <property name="java.vm.specification.vendor" value="Oracle Corporation"/>
    <property name="java.specification.name" value="Java Platform API Specification"/>
    <property name="surefire.real.class.path" value="C:\Users\ritzm\AppData\Local\Temp\surefire15949638021783627235\surefirebooter4418697699685292813.jar"/>
    <property name="user.script" value=""/>
    <property name="sun.management.compiler" value="HotSpot 64-Bit Tiered Compilers"/>
    <property name="java.runtime.version" value="17+35-LTS-2724"/>
    <property name="user.name" value="ritzm"/>
    <property name="path.separator" value=";"/>
    <property name="os.version" value="10.0"/>
    <property name="java.runtime.name" value="Java(TM) SE Runtime Environment"/>
    <property name="file.encoding" value="Cp1252"/>
    <property name="java.vm.name" value="Java HotSpot(TM) 64-Bit Server VM"/>
    <property name="localRepository" value="C:\Users\ritzm\.m2\repository"/>
    <property name="java.vendor.url.bug" value="https://bugreport.java.com/bugreport/"/>
    <property name="java.io.tmpdir" value="C:\Users\ritzm\AppData\Local\Temp\"/>
    <property name="java.version" value="17"/>
    <property name="user.dir" value="C:\Users\ritzm\OneDrive\Documents\Ritika Mehta\DistributedSystems\Practical 02\quoco‐rmi\broker"/>
    <property name="os.arch" value="amd64"/>
    <property name="java.vm.specification.name" value="Java Virtual Machine Specification"/>
    <property name="sun.os.patch.level" value=""/>
    <property name="native.encoding" value="Cp1252"/>
    <property name="java.library.path" value="C:\Program Files\Java\jdk-17\bin;C:\windows\Sun\Java\bin;C:\windows\system32;C:\windows;C:\Program Files\Common Files\Oracle\Java\javapath;C:\windows\system32;C:\windows;C:\windows\System32\Wbem;C:\windows\System32\WindowsPowerShell\v1.0\;C:\windows\System32\OpenSSH\;C:\Program Files\Docker\Docker\resources\bin;C:\ProgramData\DockerDesktop\version-bin;C:\Program Files\Java\jdk-17\bin;C:\Program Files\Git\cmd;C:\Users\ritzm\OneDrive\Documents\Ritika Mehta\Softwares\apache-maven-3.8.2-bin\apache-maven-3.8.2\bin;C:\Users\ritzm\AppData\Local\Microsoft\WindowsApps;;C:\Users\ritzm\AppData\Local\Programs\Microsoft VS Code\bin;C:\Program Files\JetBrains\IntelliJ IDEA 2021.2.2\bin;;."/>
    <property name="java.vm.info" value="mixed mode, sharing"/>
    <property name="java.vendor" value="Oracle Corporation"/>
    <property name="java.vm.version" value="17+35-LTS-2724"/>
    <property name="sun.io.unicode.encoding" value="UnicodeLittle"/>
    <property name="java.class.version" value="61.0"/>
  </properties>
  <testcase name="testGetQuotationsWhenQuotationServiceRegistered" classname="LocalBrokerServiceTest" time="0.096"/>
  <testcase name="connectionTest" classname="LocalBrokerServiceTest" time="0"/>
  <testcase name="testGetQuotationsWhenNoQuotationServiceRegistered" classname="LocalBrokerServiceTest" time="0.002"/>
</testsuite>